<?xml version="1.0" encoding="utf-8"?><testsuites name="pytest tests"><testsuite name="pytest" errors="0" failures="0" skipped="0" tests="24" time="1.523" timestamp="2026-07-15T16:22:22.161762+00:00" hostname="agent-env-94b7610c-c961-483e-8890-040cd6b54b91"><testcase classname="tests.test_travelo_backend.TestHotels" name="test_list_hotels" time="0.142" /><testcase classname="tests.test_travelo_backend.TestBookingsFlow" name="test_bookings_mine_unauth" time="0.139" /><testcase classname="tests.test_travelo_backend.TestHotels" name="test_filter_hotels_by_destination" time="0.051" /><testcase classname="tests.test_travelo_backend.TestBookingsFlow" name="test_create_booking" time="0.129" /><testcase classname="tests.test_travelo_backend.TestHotels" name="test_search_hotels_q_palace" time="0.010" /><testcase classname="tests.test_travelo_backend.TestHotels" name="test_get_hotel_by_id" time="0.052" /><testcase classname="tests.test_travelo_backend.TestHotels" name="test_get_hotel_unknown" time="0.052" /><testcase classname="tests.test_travelo_backend.TestBookingsFlow" name="test_verify_payment_demo" time="0.046" /><testcase classname="tests.test_travelo_backend.TestDestinations" name="test_list_destinations" time="0.050" /><testcase classname="tests.test_travelo_backend.TestBookingsFlow" name="test_bookings_mine_lists_created" time="0.047" /><testcase classname="tests.test_travelo_backend.TestDestinations" name="test_get_destination_goa" time="0.050" /><testcase classname="tests.test_travelo_backend.TestBookingsFlow" name="test_get_booking_by_id" time="0.044" /><testcase classname="tests.test_travelo_backend.TestBookingsFlow" name="test_get_booking_unknown" time="0.109" /><testcase classname="tests.test_travelo_backend.TestDestinations" name="test_get_destination_unknown" time="0.050" /><testcase classname="tests.test_travelo_backend.TestCars" name="test_list_cars" time="0.011" /><testcase classname="tests.test_travelo_backend.TestCars" name="test_filter_cars_by_destination" time="0.054" /><testcase classname="tests.test_travelo_backend.TestAuth" name="test_session_without_session_id" time="0.038" /><testcase classname="tests.test_travelo_backend.TestCars" name="test_get_car_by_id" time="0.051" /><testcase classname="tests.test_travelo_backend.TestAuth" name="test_me_without_token" time="0.044" /><testcase classname="tests.test_travelo_backend.TestNearbyPlaces" name="test_nearby_goa_curated" time="0.050" /><testcase classname="tests.test_travelo_backend.TestAuth" name="test_me_with_seeded_token" time="0.079" /><testcase classname="tests.test_travelo_backend.TestNearbyPlaces" name="test_nearby_jaipur_curated" time="0.008" /><testcase classname="tests.test_travelo_backend.TestLogout" name="test_logout_deletes_session" time="0.247" /><testcase classname="tests.test_travelo_backend.TestHealth" name="test_root" time="0.012" /></testsuite></testsuites>