<?xml version="1.0" encoding="utf-8"?><testsuites name="pytest tests"><testsuite name="pytest" errors="0" failures="0" skipped="0" tests="59" time="49.150" timestamp="2026-07-15T16:52:13.290191+00:00" hostname="agent-env-94b7610c-c961-483e-8890-040cd6b54b91"><testcase classname="tests.test_travelo_backend.TestBookingsFlow" name="test_bookings_mine_unauth" time="0.159" /><testcase classname="tests.test_travelo_iter3.TestHotelPhotos" name="test_public_list_photos_empty" time="0.115" /><testcase classname="tests.test_travelo_iter3.TestHotelPhotos" name="test_list_photos_unknown_hotel_returns_empty_list" time="0.014" /><testcase classname="tests.test_travelo_iter3.TestHotelPhotos" name="test_upload_requires_auth" time="0.084" /><testcase classname="tests.test_travelo_backend.TestBookingsFlow" name="test_create_booking" time="0.107" /><testcase classname="tests.test_travelo_iter3.TestHotelPhotos" name="test_upload_unknown_hotel_404" time="0.047" /><testcase classname="tests.test_travelo_iter3.TestHotelPhotos" name="test_upload_without_paid_booking_returns_403" time="0.044" /><testcase classname="tests.test_travelo_backend.TestBookingsFlow" name="test_verify_payment_demo" time="0.083" /><testcase classname="tests.test_travelo_iter3.TestHotelPhotos" name="test_upload_invalid_content_type_400" time="0.089" /><testcase classname="tests.test_travelo_backend.TestBookingsFlow" name="test_bookings_mine_lists_created" time="0.041" /><testcase classname="tests.test_travelo_backend.TestBookingsFlow" name="test_get_booking_by_id" time="0.087" /><testcase classname="tests.test_travelo_iter3.TestHotelPhotos" name="test_upload_empty_file_400" time="0.042" /><testcase classname="tests.test_travelo_iter3.TestHotelPhotos" name="test_upload_too_large_413" time="0.163" /><testcase classname="tests.test_travelo_backend.TestBookingsFlow" name="test_get_booking_unknown" time="0.047" /><testcase classname="tests.test_travelo_iter2.TestBundleBookings" name="test_bundle_requires_auth" time="0.078" /><testcase classname="tests.test_travelo_iter3.TestHotelPhotos" name="test_upload_single_hotel_booking_success_and_file_serves" time="0.323" /><testcase classname="tests.test_travelo_iter2.TestBundleBookings" name="test_bundle_too_few_items" time="0.040" /><testcase classname="tests.test_travelo_iter2.TestBundleBookings" name="test_bundle_unknown_item" time="0.044" /><testcase classname="tests.test_travelo_iter2.TestBundleBookings" name="test_bundle_create_success" time="0.079" /><testcase classname="tests.test_travelo_iter2.TestBundleBookings" name="test_bundle_verify_and_email_mock" time="0.046" /><testcase classname="tests.test_travelo_iter2.TestBundleBookings" name="test_bundle_appears_in_my_bookings" time="0.040" /><testcase classname="tests.test_travelo_iter3.TestWishlist" name="test_wishlist_requires_auth" time="4.170" /><testcase classname="tests.test_travelo_iter3.TestHotelPhotos" name="test_upload_with_bundle_booking_success" time="4.177" /><testcase classname="tests.test_travelo_iter3.TestWishlist" name="test_wishlist_get_requires_auth" time="0.062" /><testcase classname="tests.test_travelo_iter3.TestWishlist" name="test_wishlist_empty_for_new_user" time="0.056" /><testcase classname="tests.test_travelo_iter3.TestHotelPhotos" name="test_serve_file_unknown_path_404" time="0.053" /><testcase classname="tests.test_travelo_iter3.TestWishlist" name="test_wishlist_unknown_hotel_returns_404" time="0.052" /><testcase classname="tests.test_travelo_backend.TestHotels" name="test_list_hotels" time="0.011" /><testcase classname="tests.test_travelo_backend.TestHotels" name="test_filter_hotels_by_destination" time="0.053" /><testcase classname="tests.test_travelo_iter3.TestWishlist" name="test_wishlist_toggle_flow" time="0.220" /><testcase classname="tests.test_travelo_backend.TestHotels" name="test_search_hotels_q_palace" time="0.053" /><testcase classname="tests.test_travelo_backend.TestHotels" name="test_get_hotel_by_id" time="0.050" /><testcase classname="tests.test_travelo_backend.TestHotels" name="test_get_hotel_unknown" time="0.051" /><testcase classname="tests.test_travelo_backend.TestCars" name="test_list_cars" time="0.010" /><testcase classname="tests.test_travelo_backend.TestCars" name="test_filter_cars_by_destination" time="0.057" /><testcase classname="tests.test_travelo_iter3.TestWishlist" name="test_wishlist_order_most_recent_first" time="0.355" /><testcase classname="tests.test_travelo_backend.TestCars" name="test_get_car_by_id" time="0.053" /><testcase classname="tests.test_travelo_backend.TestAuth" name="test_session_without_session_id" time="0.053" /><testcase classname="tests.test_travelo_backend.TestAuth" name="test_me_without_token" time="0.114" /><testcase classname="tests.test_travelo_backend.TestAuth" name="test_me_with_seeded_token" time="0.044" /><testcase classname="tests.test_travelo_iter2.TestReviews" name="test_hotel_reviews_shape" time="0.013" /><testcase classname="tests.test_travelo_iter2.TestReviews" name="test_hotel_reviews_all_hotels" time="0.027" /><testcase classname="tests.test_travelo_iter2.TestReviews" name="test_hotel_reviews_unknown" time="0.051" /><testcase classname="tests.test_travelo_backend.TestDestinations" name="test_list_destinations" time="0.053" /><testcase classname="tests.test_travelo_iter3.TestConcierge" name="test_concierge_unknown_destination_404" time="0.051" /><testcase classname="tests.test_travelo_backend.TestDestinations" name="test_get_destination_goa" time="0.072" /><testcase classname="tests.test_travelo_iter3.TestConcierge" name="test_concierge_generates_itinerary_goa" time="14.943" /><testcase classname="tests.test_travelo_backend.TestDestinations" name="test_get_destination_unknown" time="0.053" /><testcase classname="tests.test_travelo_iter3.TestRegression" name="test_root" time="0.055" /><testcase classname="tests.test_travelo_iter3.TestRegression" name="test_hotels_list" time="0.012" /><testcase classname="tests.test_travelo_iter3.TestRegression" name="test_hotel_reviews_still_work" time="0.012" /><testcase classname="tests.test_travelo_iter2.TestEmails" name="test_emails_mine_requires_auth" time="0.081" /><testcase classname="tests.test_travelo_iter2.TestEmails" name="test_emails_mine_lists_mocked" time="0.088" /><testcase classname="tests.test_travelo_backend.TestHealth" name="test_root" time="0.049" /><testcase classname="tests.test_travelo_backend.TestLogout" name="test_logout_deletes_session" time="0.250" /><testcase classname="tests.test_travelo_iter2.TestRegressionSingleBooking" name="test_single_booking_still_works_and_generates_email" time="0.128" /><testcase classname="tests.test_travelo_iter3.TestConcierge" name="test_concierge_clamps_days" time="27.602" /><testcase classname="tests.test_travelo_backend.TestNearbyPlaces" name="test_nearby_goa_curated" time="0.052" /><testcase classname="tests.test_travelo_backend.TestNearbyPlaces" name="test_nearby_jaipur_curated" time="0.055" /></testsuite></testsuites>