<?xml version="1.0" encoding="utf-8"?><testsuites name="pytest tests"><testsuite name="pytest" errors="0" failures="0" skipped="0" tests="9" time="4.504" timestamp="2026-07-15T17:02:15.231461+00:00" hostname="agent-env-94b7610c-c961-483e-8890-040cd6b54b91"><testcase classname="tests.test_travelo_iter4.TestMyBookmarks" name="test_bookmarks_requires_auth" time="0.119" /><testcase classname="tests.test_travelo_iter4.TestMyBookmarks" name="test_bookmarks_returns_current_users_saved_photos" time="0.767" /><testcase classname="tests.test_travelo_iter4.TestPhotoReactions" name="test_reaction_requires_auth" time="0.244" /><testcase classname="tests.test_travelo_iter4.TestPhotoReactions" name="test_reaction_invalid_type_400" time="0.054" /><testcase classname="tests.test_travelo_iter4.TestPhotoReactions" name="test_reaction_unknown_photo_404" time="0.054" /><testcase classname="tests.test_travelo_iter4.TestPhotoReactions" name="test_like_toggle_flow" time="0.296" /><testcase classname="tests.test_travelo_iter4.TestPhotoReactions" name="test_like_and_bookmark_independent" time="0.225" /><testcase classname="tests.test_travelo_iter4.TestListPhotosFields" name="test_unauth_has_counts_and_my_flags_false" time="1.057" /><testcase classname="tests.test_travelo_iter4.TestOrdering" name="test_photos_sorted_by_like_then_bookmark_then_created" time="1.993" /></testsuite></testsuites>