<?xml version="1.0" encoding="utf-8"?><testsuites name="pytest tests"><testsuite name="pytest" errors="0" failures="0" skipped="0" tests="71" time="47.134" timestamp="2026-07-15T17:11:14.360396+00:00" hostname="agent-env-94b7610c-c961-483e-8890-040cd6b54b91"><testcase classname="tests.test_travelo_backend.TestBookingsFlow" name="test_bookings_mine_unauth" time="0.141" /><testcase classname="tests.test_travelo_iter3.TestHotelPhotos" name="test_public_list_photos_empty" time="0.094" /><testcase classname="tests.test_travelo_iter3.TestHotelPhotos" name="test_list_photos_unknown_hotel_returns_empty_list" time="0.014" /><testcase classname="tests.test_travelo_iter3.TestHotelPhotos" name="test_upload_requires_auth" time="0.082" /><testcase classname="tests.test_travelo_backend.TestBookingsFlow" name="test_create_booking" time="0.103" /><testcase classname="tests.test_travelo_iter3.TestHotelPhotos" name="test_upload_unknown_hotel_404" time="0.043" /><testcase classname="tests.test_travelo_iter3.TestHotelPhotos" name="test_upload_without_paid_booking_returns_403" time="0.079" /><testcase classname="tests.test_travelo_backend.TestBookingsFlow" name="test_verify_payment_demo" time="0.042" /><testcase classname="tests.test_travelo_backend.TestBookingsFlow" name="test_bookings_mine_lists_created" time="0.089" /><testcase classname="tests.test_travelo_iter3.TestHotelPhotos" name="test_upload_invalid_content_type_400" time="0.047" /><testcase classname="tests.test_travelo_iter3.TestHotelPhotos" name="test_upload_empty_file_400" time="0.084" /><testcase classname="tests.test_travelo_backend.TestBookingsFlow" name="test_get_booking_by_id" time="0.044" /><testcase classname="tests.test_travelo_backend.TestBookingsFlow" name="test_get_booking_unknown" time="0.083" /><testcase classname="tests.test_travelo_iter3.TestHotelPhotos" name="test_upload_too_large_413" time="0.090" /><testcase classname="tests.test_travelo_iter2.TestBundleBookings" name="test_bundle_requires_auth" time="0.080" /><testcase classname="tests.test_travelo_iter3.TestHotelPhotos" name="test_upload_single_hotel_booking_success_and_file_serves" time="0.331" /><testcase classname="tests.test_travelo_iter2.TestBundleBookings" name="test_bundle_too_few_items" time="0.043" /><testcase classname="tests.test_travelo_iter2.TestBundleBookings" name="test_bundle_unknown_item" time="0.081" /><testcase classname="tests.test_travelo_iter2.TestBundleBookings" name="test_bundle_create_success" time="0.044" /><testcase classname="tests.test_travelo_iter2.TestBundleBookings" name="test_bundle_verify_and_email_mock" time="0.049" /><testcase classname="tests.test_travelo_iter2.TestBundleBookings" name="test_bundle_appears_in_my_bookings" time="0.039" /><testcase classname="tests.test_travelo_iter3.TestWishlist" name="test_wishlist_requires_auth" time="0.079" /><testcase classname="tests.test_travelo_iter3.TestHotelPhotos" name="test_upload_with_bundle_booking_success" time="0.082" /><testcase classname="tests.test_travelo_iter3.TestWishlist" name="test_wishlist_get_requires_auth" time="0.050" /><testcase classname="tests.test_travelo_iter3.TestHotelPhotos" name="test_serve_file_unknown_path_404" time="0.055" /><testcase classname="tests.test_travelo_iter3.TestWishlist" name="test_wishlist_empty_for_new_user" time="0.052" /><testcase classname="tests.test_travelo_backend.TestHotels" name="test_list_hotels" time="0.014" /><testcase classname="tests.test_travelo_backend.TestHotels" name="test_filter_hotels_by_destination" time="0.058" /><testcase classname="tests.test_travelo_iter3.TestWishlist" name="test_wishlist_unknown_hotel_returns_404" time="0.051" /><testcase classname="tests.test_travelo_iter3.TestWishlist" name="test_wishlist_toggle_flow" time="0.203" /><testcase classname="tests.test_travelo_backend.TestHotels" name="test_search_hotels_q_palace" time="0.053" /><testcase classname="tests.test_travelo_backend.TestHotels" name="test_get_hotel_by_id" time="0.050" /><testcase classname="tests.test_travelo_backend.TestHotels" name="test_get_hotel_unknown" time="0.052" /><testcase classname="tests.test_travelo_backend.TestDestinations" name="test_list_destinations" time="0.056" /><testcase classname="tests.test_travelo_iter3.TestWishlist" name="test_wishlist_order_most_recent_first" time="0.235" /><testcase classname="tests.test_travelo_backend.TestDestinations" name="test_get_destination_goa" time="0.053" /><testcase classname="tests.test_travelo_backend.TestDestinations" name="test_get_destination_unknown" time="0.058" /><testcase classname="tests.test_travelo_backend.TestCars" name="test_list_cars" time="0.010" /><testcase classname="tests.test_travelo_backend.TestCars" name="test_filter_cars_by_destination" time="0.052" /><testcase classname="tests.test_travelo_backend.TestCars" name="test_get_car_by_id" time="0.050" /><testcase classname="tests.test_travelo_backend.TestAuth" name="test_session_without_session_id" time="0.056" /><testcase classname="tests.test_travelo_backend.TestAuth" name="test_me_without_token" time="0.035" /><testcase classname="tests.test_travelo_backend.TestAuth" name="test_me_with_seeded_token" time="0.084" /><testcase classname="tests.test_travelo_iter4.TestPhotoReactions" name="test_reaction_requires_auth" time="0.136" /><testcase classname="tests.test_travelo_iter4.TestPhotoReactions" name="test_reaction_invalid_type_400" time="0.049" /><testcase classname="tests.test_travelo_iter2.TestReviews" name="test_hotel_reviews_shape" time="0.011" /><testcase classname="tests.test_travelo_iter4.TestPhotoReactions" name="test_reaction_unknown_photo_404" time="0.051" /><testcase classname="tests.test_travelo_iter2.TestReviews" name="test_hotel_reviews_all_hotels" time="0.039" /><testcase classname="tests.test_travelo_iter2.TestReviews" name="test_hotel_reviews_unknown" time="0.053" /><testcase classname="tests.test_travelo_iter4.TestPhotoReactions" name="test_like_toggle_flow" time="0.363" /><testcase classname="tests.test_travelo_iter3.TestConcierge" name="test_concierge_unknown_destination_404" time="0.052" /><testcase classname="tests.test_travelo_iter3.TestConcierge" name="test_concierge_generates_itinerary_goa" time="12.580" /><testcase classname="tests.test_travelo_iter4.TestPhotoReactions" name="test_like_and_bookmark_independent" time="0.160" /><testcase classname="tests.test_travelo_iter3.TestRegression" name="test_root" time="0.049" /><testcase classname="tests.test_travelo_iter3.TestRegression" name="test_hotels_list" time="0.012" /><testcase classname="tests.test_travelo_iter3.TestRegression" name="test_hotel_reviews_still_work" time="0.008" /><testcase classname="tests.test_travelo_backend.TestNearbyPlaces" name="test_nearby_goa_curated" time="0.049" /><testcase classname="tests.test_travelo_backend.TestNearbyPlaces" name="test_nearby_jaipur_curated" time="0.048" /><testcase classname="tests.test_travelo_iter2.TestEmails" name="test_emails_mine_requires_auth" time="0.079" /><testcase classname="tests.test_travelo_iter2.TestEmails" name="test_emails_mine_lists_mocked" time="1.048" /><testcase classname="tests.test_travelo_iter4.TestMyBookmarks" name="test_bookmarks_requires_auth" time="0.049" /><testcase classname="tests.test_travelo_iter4.TestMyBookmarks" name="test_bookmarks_returns_current_users_saved_photos" time="0.721" /><testcase classname="tests.test_travelo_backend.TestHealth" name="test_root" time="0.050" /><testcase classname="tests.test_travelo_backend.TestLogout" name="test_logout_deletes_session" time="0.169" /><testcase classname="tests.test_travelo_iter2.TestRegressionSingleBooking" name="test_single_booking_still_works_and_generates_email" time="0.129" /><testcase classname="tests.test_travelo_iter4.TestListPhotosFields" name="test_unauth_has_counts_and_my_flags_false" time="0.135" /><testcase classname="tests.test_travelo_iter4.TestOrdering" name="test_photos_sorted_by_like_then_bookmark_then_created" time="1.145" /><testcase classname="tests.test_travelo_iter3.TestConcierge" name="test_concierge_clamps_days" time="30.688" /><testcase classname="tests.test_travelo_iter5.TestBookmarksEnriched" name="test_bookmarks_requires_auth" time="0.052" /><testcase classname="tests.test_travelo_iter5.TestBookmarksEnriched" name="test_empty_when_no_bookmarks" time="0.056" /><testcase classname="tests.test_travelo_iter5.TestBookmarksEnriched" name="test_enriched_fields_and_reverse_chrono" time="1.105" /></testsuite></testsuites>