<?xml version="1.0" encoding="utf-8"?><testsuites name="pytest tests"><testsuite name="pytest" errors="0" failures="0" skipped="0" tests="36" time="2.068" timestamp="2026-07-15T16:36:43.498653+00:00" hostname="agent-env-94b7610c-c961-483e-8890-040cd6b54b91"><testcase classname="tests.test_travelo_iter2.TestBundleBookings" name="test_bundle_requires_auth" time="0.181" /><testcase classname="tests.test_travelo_backend.TestBookingsFlow" name="test_bookings_mine_unauth" time="0.132" /><testcase classname="tests.test_travelo_backend.TestBookingsFlow" name="test_create_booking" time="0.054" /><testcase classname="tests.test_travelo_iter2.TestBundleBookings" name="test_bundle_too_few_items" time="0.048" /><testcase classname="tests.test_travelo_backend.TestBookingsFlow" name="test_verify_payment_demo" time="0.081" /><testcase classname="tests.test_travelo_iter2.TestBundleBookings" name="test_bundle_unknown_item" time="0.081" /><testcase classname="tests.test_travelo_backend.TestBookingsFlow" name="test_bookings_mine_lists_created" time="0.081" /><testcase classname="tests.test_travelo_iter2.TestBundleBookings" name="test_bundle_create_success" time="0.081" /><testcase classname="tests.test_travelo_backend.TestBookingsFlow" name="test_get_booking_by_id" time="0.045" /><testcase classname="tests.test_travelo_iter2.TestBundleBookings" name="test_bundle_verify_and_email_mock" time="0.046" /><testcase classname="tests.test_travelo_backend.TestBookingsFlow" name="test_get_booking_unknown" time="0.079" /><testcase classname="tests.test_travelo_iter2.TestBundleBookings" name="test_bundle_appears_in_my_bookings" time="0.087" /><testcase classname="tests.test_travelo_backend.TestHotels" name="test_list_hotels" time="0.039" /><testcase classname="tests.test_travelo_backend.TestHotels" name="test_filter_hotels_by_destination" time="0.072" /><testcase classname="tests.test_travelo_backend.TestDestinations" name="test_list_destinations" time="0.040" /><testcase classname="tests.test_travelo_backend.TestDestinations" name="test_get_destination_goa" time="0.086" /><testcase classname="tests.test_travelo_backend.TestHotels" name="test_search_hotels_q_palace" time="0.054" /><testcase classname="tests.test_travelo_backend.TestHotels" name="test_get_hotel_by_id" time="0.054" /><testcase classname="tests.test_travelo_backend.TestDestinations" name="test_get_destination_unknown" time="0.052" /><testcase classname="tests.test_travelo_backend.TestHotels" name="test_get_hotel_unknown" time="0.054" /><testcase classname="tests.test_travelo_backend.TestCars" name="test_list_cars" time="0.010" /><testcase classname="tests.test_travelo_backend.TestCars" name="test_filter_cars_by_destination" time="0.049" /><testcase classname="tests.test_travelo_backend.TestAuth" name="test_session_without_session_id" time="0.055" /><testcase classname="tests.test_travelo_backend.TestCars" name="test_get_car_by_id" time="0.049" /><testcase classname="tests.test_travelo_backend.TestAuth" name="test_me_without_token" time="0.080" /><testcase classname="tests.test_travelo_iter2.TestReviews" name="test_hotel_reviews_shape" time="0.009" /><testcase classname="tests.test_travelo_iter2.TestReviews" name="test_hotel_reviews_all_hotels" time="0.195" /><testcase classname="tests.test_travelo_backend.TestAuth" name="test_me_with_seeded_token" time="0.050" /><testcase classname="tests.test_travelo_backend.TestNearbyPlaces" name="test_nearby_goa_curated" time="0.051" /><testcase classname="tests.test_travelo_backend.TestNearbyPlaces" name="test_nearby_jaipur_curated" time="0.055" /><testcase classname="tests.test_travelo_iter2.TestReviews" name="test_hotel_reviews_unknown" time="0.050" /><testcase classname="tests.test_travelo_backend.TestHealth" name="test_root" time="0.055" /><testcase classname="tests.test_travelo_iter2.TestEmails" name="test_emails_mine_requires_auth" time="0.081" /><testcase classname="tests.test_travelo_backend.TestLogout" name="test_logout_deletes_session" time="0.207" /><testcase classname="tests.test_travelo_iter2.TestEmails" name="test_emails_mine_lists_mocked" time="0.040" /><testcase classname="tests.test_travelo_iter2.TestRegressionSingleBooking" name="test_single_booking_still_works_and_generates_email" time="0.134" /></testsuite></testsuites>