<?xml version="1.0" encoding="utf-8"?><testsuites name="pytest tests"><testsuite name="pytest" errors="0" failures="0" skipped="0" tests="3" time="2.036" timestamp="2026-07-15T17:11:07.008698+00:00" hostname="agent-env-94b7610c-c961-483e-8890-040cd6b54b91"><testcase classname="tests.test_travelo_iter5.TestBookmarksEnriched" name="test_bookmarks_requires_auth" time="0.141" /><testcase classname="tests.test_travelo_iter5.TestBookmarksEnriched" name="test_empty_when_no_bookmarks" time="0.065" /><testcase classname="tests.test_travelo_iter5.TestBookmarksEnriched" name="test_enriched_fields_and_reverse_chrono" time="0.945" /></testsuite></testsuites>