<?xml version="1.0" encoding="utf-8"?><testsuites name="pytest tests"><testsuite name="pytest" errors="0" failures="0" skipped="0" tests="23" time="44.590" timestamp="2026-07-15T16:51:23.587021+00:00" hostname="agent-env-94b7610c-c961-483e-8890-040cd6b54b91"><testcase classname="tests.test_travelo_iter3.TestWishlist" name="test_wishlist_requires_auth" time="0.158" /><testcase classname="tests.test_travelo_iter3.TestHotelPhotos" name="test_public_list_photos_empty" time="0.112" /><testcase classname="tests.test_travelo_iter3.TestHotelPhotos" name="test_list_photos_unknown_hotel_returns_empty_list" time="0.018" /><testcase classname="tests.test_travelo_iter3.TestHotelPhotos" name="test_upload_requires_auth" time="0.083" /><testcase classname="tests.test_travelo_iter3.TestWishlist" name="test_wishlist_get_requires_auth" time="0.015" /><testcase classname="tests.test_travelo_iter3.TestWishlist" name="test_wishlist_empty_for_new_user" time="0.061" /><testcase classname="tests.test_travelo_iter3.TestHotelPhotos" name="test_upload_unknown_hotel_404" time="0.042" /><testcase classname="tests.test_travelo_iter3.TestWishlist" name="test_wishlist_unknown_hotel_returns_404" time="0.058" /><testcase classname="tests.test_travelo_iter3.TestHotelPhotos" name="test_upload_without_paid_booking_returns_403" time="0.083" /><testcase classname="tests.test_travelo_iter3.TestWishlist" name="test_wishlist_toggle_flow" time="0.182" /><testcase classname="tests.test_travelo_iter3.TestHotelPhotos" name="test_upload_invalid_content_type_400" time="0.083" /><testcase classname="tests.test_travelo_iter3.TestHotelPhotos" name="test_upload_empty_file_400" time="0.037" /><testcase classname="tests.test_travelo_iter3.TestHotelPhotos" name="test_upload_too_large_413" time="0.077" /><testcase classname="tests.test_travelo_iter3.TestWishlist" name="test_wishlist_order_most_recent_first" time="0.249" /><testcase classname="tests.test_travelo_iter3.TestHotelPhotos" name="test_upload_single_hotel_booking_success_and_file_serves" time="0.241" /><testcase classname="tests.test_travelo_iter3.TestConcierge" name="test_concierge_unknown_destination_404" time="0.052" /><testcase classname="tests.test_travelo_iter3.TestConcierge" name="test_concierge_generates_itinerary_goa" time="14.353" /><testcase classname="tests.test_travelo_iter3.TestHotelPhotos" name="test_upload_with_bundle_booking_success" time="0.151" /><testcase classname="tests.test_travelo_iter3.TestHotelPhotos" name="test_serve_file_unknown_path_404" time="0.063" /><testcase classname="tests.test_travelo_iter3.TestConcierge" name="test_concierge_clamps_days" time="28.898" /><testcase classname="tests.test_travelo_iter3.TestRegression" name="test_root" time="0.060" /><testcase classname="tests.test_travelo_iter3.TestRegression" name="test_hotels_list" time="0.015" /><testcase classname="tests.test_travelo_iter3.TestRegression" name="test_hotel_reviews_still_work" time="0.018" /></testsuite></testsuites>